<?xml version="1.0" encoding="UTF-8"?>
<!-- Generated by org.testng.reporters.JUnitReportReporter -->
<testsuite skipped="0" hostname="shivam.agarwal" name="com.qainfotech.junit.TestngExample.AppTest" tests="1" failures="0" timestamp="05 Feb 2019 11:45:38 GMT" time="0.041" errors="0">
  <testcase name="TestArray" time="0.041" classname="com.qainfotech.junit.TestngExample.AppTest"/>
</testsuite> <!-- com.qainfotech.junit.TestngExample.AppTest -->
